<?xml version="1.0" encoding="UTF-8"?>
<!-- Generated by org.testng.reporters.JUnitXMLReporter -->
<testsuite ignored="9" hostname="LAPTOP-MM2SMBKA" failures="0" tests="2" name="Test" time="16.065" errors="0" timestamp="2025-02-06T21:02:34 IST">
  <testcase classname="Testscript.Amazontestcases" name="TC10" time="1.406"/>
  <testcase classname="Testscript.Amazontestcases" name="TC10" time="1.485"/>
  <testcase classname="Testscript.Amazontestcases" name="TC09" time="0.0">
    <ignored/>
  </testcase> <!-- TC09 -->
  <testcase classname="Testscript.Amazontestcases" name="TC05" time="0.0">
    <ignored/>
  </testcase> <!-- TC05 -->
  <testcase classname="Testscript.Amazontestcases" name="TC01" time="0.0">
    <ignored/>
  </testcase> <!-- TC01 -->
  <testcase classname="Testscript.Amazontestcases" name="TC08" time="0.0">
    <ignored/>
  </testcase> <!-- TC08 -->
  <testcase classname="Testscript.Amazontestcases" name="TC07" time="0.0">
    <ignored/>
  </testcase> <!-- TC07 -->
  <testcase classname="Testscript.Amazontestcases" name="TC06" time="0.0">
    <ignored/>
  </testcase> <!-- TC06 -->
  <testcase classname="Testscript.Amazontestcases" name="TC04" time="0.0">
    <ignored/>
  </testcase> <!-- TC04 -->
  <testcase classname="Testscript.Amazontestcases" name="TC03" time="0.0">
    <ignored/>
  </testcase> <!-- TC03 -->
  <testcase classname="Testscript.Amazontestcases" name="TC02" time="0.0">
    <ignored/>
  </testcase> <!-- TC02 -->
</testsuite> <!-- Test -->
